No se encontró la tabla para el ubigeo 010504, gasto 30=, Proyecto: https://apps5.mineco.gob.pe/transparencia/Navegador/Navegar_7.aspx?_uhc=yes&0=&1=M&37=M&5=01&6=05&7=300046&30=&y=2024&ap=Proyecto&cpage=1&psize=400
No se encontró la tabla para el ubigeo 020108, gasto 30=, Actividad: https://apps5.mineco.gob.pe/transparencia/Navegador/Navegar_7.aspx?_uhc=yes&0=&1=M&37=M&5=02&6=01&7=300092&30=&y=2024&ap=Actividad&cpage=1&psize=400
No se encontró la tabla para el ubigeo 020106, gasto 8=, Proyecto: https://apps5.mineco.gob.pe/transparencia/Navegador/Navegar_7.aspx?_uhc=yes&0=&1=M&37=M&5=02&6=01&7=300090&8=&y=2024&ap=Proyecto&cpage=1&psize=400
No se encontró la tabla para el ubigeo 020106, gasto 8=, : https://apps5.mineco.gob.pe/transparencia/Navegador/Navegar_7.aspx?_uhc=yes&0=&1=M&37=M&5=02&6=01&7=300090&8=&y=2024&cpage=1&psize=400
No se encontró la tabla para el ubigeo 020107, gasto 30=, Proyecto: https://apps5.mineco.gob.pe/transparencia/Navegador/Navegar_7.aspx?_uhc=yes&0=&1=M&37=M&5=02&6=01&7=300091&30=&y=2024&ap=Proyecto&cpage=1&psize=400
No se encontró la tabla para el ubigeo 020109, gasto 30=, : https://apps5.mineco.gob.pe/transparencia/Navegador/Navegar_7.aspx?_uhc=yes&0=&1=M&37=M&5=02&6=01&7=300093&30=&y=2024&cpage=1&psize=400
&cpage=1&psize=400
No se encontró la tabla para el ubigeo 020107, gasto 8=, : https://apps5.mineco.gob.pe/transparencia/Navegador/Navegar_7.aspx?_uhc=yes&0=&1=M&37=M&5=02&6=01&7=300091&8=&y=2024&cpage=1&psize=400
No se encontró la tabla para el ubigeo 020109, gasto 30=, Proyecto: https://apps5.mineco.gob.pe/transparencia/Navegador/Navegar_7.aspx?_uhc=yes&0=&1=M&37=M&5=02&6=01&7=300093&30=&y=2024&ap=Proyecto&cpage=1&psize=400
No se encontró la tabla para el ubigeo 020111, gasto 30=, : https://apps5.mineco.gob.pe/transparencia/Navegador/Navegar_7.aspx?_uhc=yes&0=&1=M&37=M&5=02&6=01&7=300095&30=&y=2024&cpage=1&psize=400
No se encontró la tabla para el ubigeo 020110, gasto 30=, : https://apps5.mineco.gob.pe/transparencia/Navegador/Navegar_7.aspx?_uhc=yes&0=&1=M&37=M&5=02&6=01&7=300094&30=&y=2024&cpage=1&psize=400
No se encontró la tabla para el ubigeo 020112, gasto 30=, : https://apps5.mineco.gob.pe/transparencia/Navegador/Navegar_7.aspx?_uhc=yes&0=&1=M&37=M&5=02&6=01&7=300096&30=&y=2024&cpage=1&psize=400
No se encontró la tabla para el ubigeo 020110, gasto 30=, : https://apps5.mineco.gob.pe/transparencia/Navegador/Navegar_7.aspx?_uhc=yes&0=&1=M&37=M&5=02&6=01&7=300094&30=&y=2024&cpage=1&psize=400
No se encontró la tabla para el ubigeo 020111, gasto 30=, : https://apps5.mineco.gob.pe/transparencia/Navegador/Navegar_7.aspx?_uhc=yes&0=&1=M&37=M&5=02&6=01&7=300095&30=&y=2024&cpage=1&psize=400
No se encontró la tabla para el ubigeo 020112, gasto 30=, : https://apps5.mineco.gob.pe/transparencia/Navegador/Navegar_7.aspx?_uhc=yes&0=&1=M&37=M&5=02&6=01&7=300096&30=&y=2024&cpage=1&psize=400
No se encontró la tabla para el ubigeo 020201, gasto 30=, : https://apps5.mineco.gob.pe/transparencia/Navegador/Navegar_7.aspx?_uhc=yes&0=&1=M&37=M&5=02&6=02&7=300097&30=&y=2024&cpage=1&psize=400
No se encontró la tabla para el ubigeo 020201, gasto 30=, : https://apps5.mineco.gob.pe/transparencia/Navegador/Navegar_7.aspx?_uhc=yes&0=&1=M&37=M&5=02&6=02&7=300097&30=&y=2024&cpage=1&psize=400
No se encontró la tabla para el ubigeo 020608, gasto 8=, Proyecto: https://apps5.mineco.gob.pe/transparencia/Navegador/Navegar_7.aspx?_uhc=yes&0=&1=M&37=M&5=02&6=06&7=300132&8=&y=2024&ap=Proyecto&cpage=1&psize=400
No se encontró la tabla para el ubigeo 020610, gasto 30=, : https://apps5.mineco.gob.pe/transparencia/Navegador/Navegar_7.aspx?_uhc=yes&0=&1=M&37=M&5=02&6=06&7=300134&30=&y=2024&cpage=1&psize=400
No se encontró la tabla para el ubigeo 020610, gasto 30=, Actividad: https://apps5.mineco.gob.pe/transparencia/Navegador/Navegar_7.aspx?_uhc=yes&0=&1=M&37=M&5=02&6=06&7=300134&30=&y=2024&ap=Actividad&cpage=1&psize=400
No se encontró la tabla para el ubigeo 020609, gasto 8=, : https://apps5.mineco.gob.pe/transparencia/Navegador/Navegar_7.aspx?_uhc=yes&0=&1=M&37=M&5=02&6=06&7=300133&8=&y=2024&cpage=1&psize=400
No se encontró la tabla para el ubigeo 020701, gasto 30=, : https://apps5.mineco.gob.pe/transparencia/Navegador/Navegar_7.aspx?_uhc=yes&0=&1=M&37=M&5=02&6=07&7=300136&30=&y=2024&cpage=1&psize=400
No se encontró la tabla para el ubigeo 020611, gasto 30=, : https://apps5.mineco.gob.pe/transparencia/Navegador/Navegar_7.aspx?_uhc=yes&0=&1=M&37=M&5=02&6=06&7=300135&30=&y=2024&cpage=1&psize=400
No se encontró la tabla para el ubigeo 020611, gasto 30=, Proyecto: https://apps5.mineco.gob.pe/transparencia/Navegador/Navegar_7.aspx?_uhc=yes&0=&1=M&37=M&5=02&6=06&7=300135&30=&y=2024&ap=Proyecto&cpage=1&psize=400
No se encontró la tabla para el ubigeo 020702, gasto 30=, : https://apps5.mineco.gob.pe/transparencia/Navegador/Navegar_7.aspx?_uhc=yes&0=&1=M&37=M&5=02&6=07&7=300137&30=&y=2024&cpage=1&psize=400
No se encontró la tabla para el ubigeo 020701, gasto 30=, : https://apps5.mineco.gob.pe/transparencia/Navegador/Navegar_7.aspx?_uhc=yes&0=&1=M&37=M&5=02&6=07&7=300136&30=&y=2024&cpage=1&psize=400
No se encontró la tabla para el ubigeo 020702, gasto 30=, : https://apps5.mineco.gob.pe/transparencia/Navegador/Navegar_7.aspx?_uhc=yes&0=&1=M&37=M&5=02&6=07&7=300137&30=&y=2024&cpage=1&psize=400
No se encontró la tabla para el ubigeo 020703, gasto 30=, : https://apps5.mineco.gob.pe/transparencia/Navegador/Navegar_7.aspx?_uhc=yes&0=&1=M&37=M&5=02&6=07&7=300138&30=&y=2024&cpage=1&psize=400
No se encontró la tabla para el ubigeo 020801, gasto 30=, : https://apps5.mineco.gob.pe/transparencia/Navegador/Navegar_7.aspx?_uhc=yes&0=&1=M&37=M&5=02&6=08&7=300139&30=&y=2024&cpage=1&psize=400
No se encontró la tabla para el ubigeo 020703, gasto 30=, : https://apps5.mineco.gob.pe/transparencia/Navegador/Navegar_7.aspx?_uhc=yes&0=&1=M&37=M&5=02&6=07&7=300138&30=&y=2024&cpage=1&psize=400
No se encontró la tabla para el ubigeo 020802, gasto 30=, : https://apps5.mineco.gob.pe/transparencia/Navegador/Navegar_7.aspx?_uhc=yes&0=&1=M&37=M&5=02&6=08&7=300140&30=&y=2024&cpage=1&psize=400
No se encontró la tabla para el ubigeo 020801, gasto 30=, : https://apps5.mineco.gob.pe/transparencia/Navegador/Navegar_7.aspx?_uhc=yes&0=&1=M&37=M&5=02&6=08&7=300139&30=&y=2024&cpage=1&psize=400
No se encontró la tabla para el ubigeo 020803, gasto 30=, : https://apps5.mineco.gob.pe/transparencia/Navegador/Navegar_7.aspx?_uhc=yes&0=&1=M&37=M&5=02&6=08&7=300141&30=&y=2024&cpage=1&psize=400
Error procesando 170203, 8=, Actividad: ('Connection aborted.', RemoteDisconnected('Remote end closed connection without response')), https://apps5.mineco.gob.pe/transparencia/Navegador/Navegar_7.aspx?_uhc=yes&0=&1=M&37=M&5=17&6=02&7=301477&8=&y=2024&ap=Actividad&cpage=1&psize=400
